<?xml version="1.0" encoding="UTF-8"?>
<!-- Generated by org.testng.reporters.JUnitReportReporter -->
<testsuite hostname="LAPTOP-DTH8CHQ1" failures="0" tests="5" name="DemoProject.Sample.HomePageTestCases" time="57.618" errors="0" timestamp="2025-09-29T11:19:50 IST" skipped="0">
  <testcase classname="DemoProject.Sample.HomePageTestCases" name="VerifyHomePage" time="5.040"/>
  <testcase classname="DemoProject.Sample.HomePageTestCases" name="VerifyPracticePage" time="3.546"/>
  <testcase classname="DemoProject.Sample.HomePageTestCases" name="VerifyCoursesPage" time="26.011"/>
  <testcase classname="DemoProject.Sample.HomePageTestCases" name="VerifyBlogPage" time="8.092"/>
  <testcase classname="DemoProject.Sample.HomePageTestCases" name="VerifyContactPage" time="14.929"/>
</testsuite> <!-- DemoProject.Sample.HomePageTestCases -->
