<?xml version="1.0" encoding="UTF-8"?>
<!-- Generated by org.testng.reporters.JUnitReportReporter -->
<testsuite hostname="LAPTOP-DTH8CHQ1" failures="0" tests="4" name="DemoProject.Sample.LoginTestCases" time="12.332" errors="0" timestamp="2025-09-29T11:19:50 IST" skipped="0">
  <testcase classname="DemoProject.Sample.LoginTestCases" name="NegativeloginTC1" time="2.490"/>
  <testcase classname="DemoProject.Sample.LoginTestCases" name="NegativeloginTC2" time="2.294"/>
  <testcase classname="DemoProject.Sample.LoginTestCases" name="NegativeloginTC3" time="2.282"/>
  <testcase classname="DemoProject.Sample.LoginTestCases" name="PositiveloginTC" time="5.266"/>
</testsuite> <!-- DemoProject.Sample.LoginTestCases -->
